<component name="libraryTable">
  <library name="JUnit IDEA Plugin">
    <CLASSES>
      <root url="jar://$APPLICATION_HOME_DIR$/plugins/junit/lib/idea-junit.jar!/" />
    </CLASSES>
    <JAVADOC />
    <SOURCES />
  </library>
</component>